<?xml version="1.0" encoding="UTF-8"?>
<!-- Generated by org.testng.reporters.JUnitReportReporter -->
<testsuite hostname="LAPTOP-BF3MID8S" name="testcases.LoginPageTest" tests="1" failures="0" timestamp="19 Oct 2020 20:30:30 GMT" time="9.338" errors="0">
  <testcase name="LoginTest" time="9.338" classname="testcases.LoginPageTest"/>
</testsuite> <!-- testcases.LoginPageTest -->
